********************************************************************************
DUPLICATOR-LITE PACKAGE-LOG: September 28, 2022 9:11 am
NOTICE: Do NOT post to public sites or forums 
********************************************************************************
VERSION:	1.5.0
WORDPRESS:	6.0.2
PHP INFO:	7.4.29 | SAPI: apache2handler
SERVER:		Apache/2.4.53 (Win64) OpenSSL/1.1.1n PHP/7.4.29 
PHP TIME LIMIT: (0) no time limit imposed 
PHP MAX MEMORY: 4294967296 (512M default) 
MEMORY STACK: 12MB

********************************************************************************
DATABASE:
********************************************************************************
BUILD MODE:   MYSQLDUMP
MYSQLTIMEOUT: 5000
MYSQLDUMP:    Is Supported
SQL CREATED: 20220927_shopianbd_dd9803abf1671e5b5152_20220928091147_database.sql
SQL FILE SIZE: 1.2MB (1259013)
SQL FILE TIME: 2022-09-28 09:11:57
SQL RUNTIME: 2.11 sec.

********************************************************************************
ARCHIVE (ZIP):
********************************************************************************
ARCHIVE DIR:  D:/xampp/htdocs/WDPF_51_1269797/wdpf51_wp/wp_project2
ARCHIVE FILE: 20220927_shopianbd_dd9803abf1671e5b5152_20220928091147_archive.zip
FILTERS: *OFF*
DIRS:
	not set
FILES:
	not set
EXTS:  not set
----------------------------------------
COMPRESSING
SIZE:	93.12MB
STATS:	Dirs 825 | Files 4,462
SQL ADDED: 20220927_shopianbd_dd9803abf1671e5b5152_20220928091147_database.sql
ZipArchive Object
(
    [status] => 0
    [statusSys] => 0
    [numFiles] => 5287
    [filename] => D:\xampp\htdocs\WDPF_51_1269797\wdpf51_wp\wp_project2\wp-content\backups-dup-lite\tmp\20220927_shopianbd_dd9803abf1671e5b5152_20220928091147_archive.zip
    [comment] => 
)

FILE ADDED TO ZIP: 5286
COMPRESSION RESULT: '1'
COMPRESSED SIZE: 31.97MB
ARCHIVE RUNTIME: 15.38 sec.
MEMORY STACK: 14MB
building installer
ARCHIVE CONSISTENCY TEST: PASS

********************************************************************************
INTEGRITY CHECKS:
********************************************************************************
SQL FILE: 1.2MB
INSTALLER FILE: 73.36KB
ARCHIVE FILE: 33.79MB 
EXPECTED FILE/DIRECTORY COUNT: 5,287
ACTUAL FILE/DIRECTORY COUNT: 5,286
ARCHIVE CONSISTENCY TEST: Pass

********************************************************************************
RECORD ID:[2]
TOTAL PROCESS RUNTIME: 19.19 sec.
PEAK PHP MEMORY USED: 14MB
DONE PROCESSING => 20220927_shopianbd September 28, 2022 9:12 am

